2025-07-03 14:10:55,597 [main] INFO  BaseLayerPackage.BaseClass - initialization from base class of browserchrome
2025-07-03 14:10:55,602 [main] INFO  UtilityLayer.WebDriverImplements - setting the webdriverchrome
2025-07-03 14:10:55,602 [main] INFO  DriverFactory.ThreadLocalDriverFactory - Instance setting from threadlocal
2025-07-03 14:10:55,603 [main] INFO  DriverFactory.DriverFactory - Creating the browsre instancechrome
2025-07-03 14:10:55,604 [main] INFO  BrowserManager.ChromeManager - Browser initialization of chrome driver from chromemanager
2025-07-03 14:10:57,467 [main] INFO  UtilityLayer.WebDriverImplements - Getting the webdriver instance
2025-07-03 14:10:57,467 [main] INFO  DriverFactory.ThreadLocalDriverFactory - Instance getting from threadlocal
2025-07-03 14:10:57,467 [main] INFO  UtilityLayer.WebDriverImplements - Clearing all the cookies
2025-07-03 14:10:57,483 [main] INFO  UtilityLayer.WebDriverImplements - Adding the Synchronyzation
2025-07-03 14:10:57,488 [main] INFO  UtilityLayer.WebDriverImplements - Maximizing the window
2025-07-03 14:10:57,539 [main] INFO  UtilityLayer.WebDriverImplements - Launching the url
2025-07-03 14:10:57,541 [main] INFO  Reader.ConfigReader - Loading the properties file
2025-07-03 14:10:57,542 [main] INFO  Reader.ConfigReader - Fetching the url from properties file
2025-07-03 14:11:01,571 [main] INFO  DriverFactory.ThreadLocalDriverFactory - Instance getting from threadlocal
2025-07-03 14:11:01,898 [main] INFO  DriverFactory.ThreadLocalDriverFactory - Instance getting from threadlocal
2025-07-03 14:12:32,023 [main] INFO  BaseLayerPackage.BaseClass - initialization from base class of browserchrome
2025-07-03 14:12:32,028 [main] INFO  UtilityLayer.WebDriverImplements - setting the webdriverchrome
2025-07-03 14:12:32,028 [main] INFO  DriverFactory.ThreadLocalDriverFactory - Instance setting from threadlocal
2025-07-03 14:12:32,028 [main] INFO  DriverFactory.DriverFactory - Creating the browsre instancechrome
2025-07-03 14:12:32,029 [main] INFO  BrowserManager.ChromeManager - Browser initialization of chrome driver from chromemanager
2025-07-03 14:12:33,743 [main] INFO  UtilityLayer.WebDriverImplements - Getting the webdriver instance
2025-07-03 14:12:33,743 [main] INFO  DriverFactory.ThreadLocalDriverFactory - Instance getting from threadlocal
2025-07-03 14:12:33,743 [main] INFO  UtilityLayer.WebDriverImplements - Clearing all the cookies
2025-07-03 14:12:33,758 [main] INFO  UtilityLayer.WebDriverImplements - Adding the Synchronyzation
2025-07-03 14:12:33,762 [main] INFO  UtilityLayer.WebDriverImplements - Maximizing the window
2025-07-03 14:12:33,795 [main] INFO  UtilityLayer.WebDriverImplements - Launching the url
2025-07-03 14:12:33,797 [main] INFO  Reader.ConfigReader - Loading the properties file
2025-07-03 14:12:33,797 [main] INFO  Reader.ConfigReader - Fetching the url from properties file
2025-07-03 14:12:37,996 [main] INFO  DriverFactory.ThreadLocalDriverFactory - Instance getting from threadlocal
2025-07-03 14:12:38,306 [main] INFO  DriverFactory.ThreadLocalDriverFactory - Instance getting from threadlocal
